{
  "RSpec": {
    "coverage": {
      "/home/ChrisSuarez/tic-tac-toe-rb-online-web-sp-000/lib/tic_tac_toe.rb": [
        1,
        null,
        1,
        null,
        null,
        null,
        null,
        null,
        null,
        null,
        null,
        null,
        1,
        null,
        5,
        5,
        5,
        5,
        5,
        null,
        null,
        1,
        null,
        12,
        null,
        null,
        null,
        1,
        1,
        null,
        null,
        null,
        null,
        1,
        12,
        null,
        null,
        1,
        10,
        10,
        90,
        5,
        null,
        null,
        10,
        null,
        null,
        1,
        null,
        9,
        9,
        9,
        null,
        0,
        null,
        9,
        null,
        1,
        14,
        null,
        1,
        9,
        9,
        9,
        9,
        8,
        8,
        0,
        null,
        1,
        null,
        null,
        null,
        1,
        34,
        195,
        195,
        195,
        null,
        195,
        195,
        195,
        null,
        195,
        11,
        184,
        4,
        null,
        null,
        19,
        null,
        null,
        1,
        90,
        null,
        null,
        1,
        13,
        7,
        null,
        6,
        null,
        null,
        null,
        1,
        11,
        7,
        null,
        4,
        null,
        null,
        null,
        1,
        6,
        6,
        6,
        null,
        null,
        5,
        3,
        null,
        2,
        null,
        null,
        null,
        null,
        1,
        12,
        7,
        null,
        null,
        5,
        3,
        2,
        2,
        null,
        null
      ]
    },
    "timestamp": 1624324319
  }
}
